<?xml version="1.0" encoding="UTF-8"?><testsuites failures="0" name="dependency-check" tests="32"><testsuite failures="0" id="0" name="/home/runner/.m2/repository/org/apache/avro/avro/1.10.2/avro-1.10.2.jar" package="avro-1.10.2.jar" skipped="0" tests="1" timestamp="2021-04-17T17:43:54.523056"><testcase classname="dependency-check" name="avro-1.10.2.jar"/></testsuite><testsuite failures="0" id="1" name="/home/runner/.m2/repository/byte-streams/byte-streams/0.2.5-alpha2/byte-streams-0.2.5-alpha2.jar" package="byte-streams-0.2.5-alpha2.jar" skipped="0" tests="1" timestamp="2021-04-17T17:43:54.523056"><testcase classname="dependency-check" name="byte-streams-0.2.5-alpha2.jar"/></testsuite><testsuite failures="0" id="2" name="/home/runner/.m2/repository/camel-snake-kebab/camel-snake-kebab/0.4.2/camel-snake-kebab-0.4.2.jar" package="camel-snake-kebab-0.4.2.jar" skipped="0" tests="1" timestamp="2021-04-17T17:43:54.523056"><testcase classname="dependency-check" name="camel-snake-kebab-0.4.2.jar"/></testsuite><testsuite failures="0" id="3" name="/home/runner/.m2/repository/clj-tuple/clj-tuple/0.2.2/clj-tuple-0.2.2.jar" package="clj-tuple-0.2.2.jar" skipped="0" tests="1" timestamp="2021-04-17T17:43:54.523056"><testcase classname="dependency-check" name="clj-tuple-0.2.2.jar"/></testsuite><testsuite failures="0" id="4" name="/home/runner/.m2/repository/org/clojure/clojure/1.10.3/clojure-1.10.3.jar" package="clojure-1.10.3.jar" skipped="0" tests="1" timestamp="2021-04-17T17:43:54.523056"><testcase classname="dependency-check" name="clojure-1.10.3.jar"/></testsuite><testsuite failures="0" id="5" name="/home/runner/.m2/repository/io/confluent/common-utils/6.1.1/common-utils-6.1.1.jar" package="common-utils-6.1.1.jar" skipped="0" tests="1" timestamp="2021-04-17T17:43:54.523056"><testcase classname="dependency-check" name="common-utils-6.1.1.jar"/></testsuite><testsuite failures="0" id="6" name="/home/runner/.m2/repository/org/apache/commons/commons-compress/1.20/commons-compress-1.20.jar" package="commons-compress-1.20.jar" skipped="0" tests="1" timestamp="2021-04-17T17:43:54.523056"><testcase classname="dependency-check" name="commons-compress-1.20.jar"/></testsuite><testsuite failures="0" id="7" name="/home/runner/.m2/repository/org/clojure/core.specs.alpha/0.2.56/core.specs.alpha-0.2.56.jar" package="core.specs.alpha-0.2.56.jar" skipped="0" tests="1" timestamp="2021-04-17T17:43:54.523056"><testcase classname="dependency-check" name="core.specs.alpha-0.2.56.jar"/></testsuite><testsuite failures="0" id="8" name="/home/runner/.m2/repository/io/aleph/dirigiste/0.1.5/dirigiste-0.1.5.jar" package="dirigiste-0.1.5.jar" skipped="0" tests="1" timestamp="2021-04-17T17:43:54.523056"><testcase classname="dependency-check" name="dirigiste-0.1.5.jar"/></testsuite><testsuite failures="0" id="9" name="/home/runner/.m2/repository/com/fasterxml/jackson/core/jackson-annotations/2.12.2/jackson-annotations-2.12.2.jar" package="jackson-annotations-2.12.2.jar" skipped="0" tests="1" timestamp="2021-04-17T17:43:54.523056"><testcase classname="dependency-check" name="jackson-annotations-2.12.2.jar"/></testsuite><testsuite failures="0" id="10" name="/home/runner/.m2/repository/com/fasterxml/jackson/core/jackson-core/2.12.2/jackson-core-2.12.2.jar" package="jackson-core-2.12.2.jar" skipped="0" tests="1" timestamp="2021-04-17T17:43:54.523056"><testcase classname="dependency-check" name="jackson-core-2.12.2.jar"/></testsuite><testsuite failures="0" id="11" name="/home/runner/.m2/repository/com/fasterxml/jackson/core/jackson-databind/2.12.2/jackson-databind-2.12.2.jar" package="jackson-databind-2.12.2.jar" skipped="0" tests="1" timestamp="2021-04-17T17:43:54.523056"><testcase classname="dependency-check" name="jackson-databind-2.12.2.jar"/></testsuite><testsuite failures="0" id="12" name="/home/runner/.m2/repository/com/sun/activation/jakarta.activation/1.2.2/jakarta.activation-1.2.2.jar" package="jakarta.activation-1.2.2.jar" skipped="0" tests="1" timestamp="2021-04-17T17:43:54.523056"><testcase classname="dependency-check" name="jakarta.activation-1.2.2.jar"/></testsuite><testsuite failures="0" id="13" name="/home/runner/.m2/repository/jakarta/annotation/jakarta.annotation-api/1.3.5/jakarta.annotation-api-1.3.5.jar" package="jakarta.annotation-api-1.3.5.jar" skipped="0" tests="1" timestamp="2021-04-17T17:43:54.523056"><testcase classname="dependency-check" name="jakarta.annotation-api-1.3.5.jar"/></testsuite><testsuite failures="0" id="14" name="/home/runner/.m2/repository/org/glassfish/hk2/external/jakarta.inject/2.6.1/jakarta.inject-2.6.1.jar" package="jakarta.inject-2.6.1.jar" skipped="0" tests="1" timestamp="2021-04-17T17:43:54.523056"><testcase classname="dependency-check" name="jakarta.inject-2.6.1.jar"/></testsuite><testsuite failures="0" id="15" name="/home/runner/.m2/repository/jakarta/ws/rs/jakarta.ws.rs-api/2.1.6/jakarta.ws.rs-api-2.1.6.jar" package="jakarta.ws.rs-api-2.1.6.jar" skipped="0" tests="1" timestamp="2021-04-17T17:43:54.523056"><testcase classname="dependency-check" name="jakarta.ws.rs-api-2.1.6.jar"/></testsuite><testsuite failures="0" id="16" name="/home/runner/.m2/repository/org/glassfish/jersey/core/jersey-common/2.31/jersey-common-2.31.jar" package="jersey-common-2.31.jar" skipped="0" tests="1" timestamp="2021-04-17T17:43:54.523056"><testcase classname="dependency-check" name="jersey-common-2.31.jar"/></testsuite><testsuite failures="0" id="17" name="/home/runner/.m2/repository/io/confluent/kafka-avro-serializer/6.1.1/kafka-avro-serializer-6.1.1.jar" package="kafka-avro-serializer-6.1.1.jar" skipped="0" tests="1" timestamp="2021-04-17T17:43:54.523056"><testcase classname="dependency-check" name="kafka-avro-serializer-6.1.1.jar"/></testsuite><testsuite failures="0" id="18" name="/home/runner/.m2/repository/org/apache/kafka/kafka-clients/6.1.1-ccs/kafka-clients-6.1.1-ccs.jar" package="kafka-clients-6.1.1-ccs.jar" skipped="0" tests="1" timestamp="2021-04-17T17:43:54.523056"><testcase classname="dependency-check" name="kafka-clients-6.1.1-ccs.jar"/></testsuite><testsuite failures="0" id="19" name="/home/runner/.m2/repository/io/confluent/kafka-schema-registry-client/6.1.1/kafka-schema-registry-client-6.1.1.jar" package="kafka-schema-registry-client-6.1.1.jar" skipped="0" tests="1" timestamp="2021-04-17T17:43:54.523056"><testcase classname="dependency-check" name="kafka-schema-registry-client-6.1.1.jar"/></testsuite><testsuite failures="0" id="20" name="/home/runner/.m2/repository/io/confluent/kafka-schema-serializer/6.1.1/kafka-schema-serializer-6.1.1.jar" package="kafka-schema-serializer-6.1.1.jar" skipped="0" tests="1" timestamp="2021-04-17T17:43:54.523056"><testcase classname="dependency-check" name="kafka-schema-serializer-6.1.1.jar"/></testsuite><testsuite failures="0" id="21" name="/home/runner/.m2/repository/org/lz4/lz4-java/1.7.1/lz4-java-1.7.1.jar" package="lz4-java-1.7.1.jar" skipped="0" tests="1" timestamp="2021-04-17T17:43:54.523056"><testcase classname="dependency-check" name="lz4-java-1.7.1.jar"/></testsuite><testsuite failures="0" id="22" name="/home/runner/.m2/repository/manifold/manifold/0.1.8/manifold-0.1.8.jar" package="manifold-0.1.8.jar" skipped="0" tests="1" timestamp="2021-04-17T17:43:54.523056"><testcase classname="dependency-check" name="manifold-0.1.8.jar"/></testsuite><testsuite failures="0" id="23" name="/home/runner/.m2/repository/org/glassfish/hk2/osgi-resource-locator/1.0.3/osgi-resource-locator-1.0.3.jar" package="osgi-resource-locator-1.0.3.jar" skipped="0" tests="1" timestamp="2021-04-17T17:43:54.523056"><testcase classname="dependency-check" name="osgi-resource-locator-1.0.3.jar"/></testsuite><testsuite failures="0" id="24" name="/home/runner/.m2/repository/primitive-math/primitive-math/0.1.6/primitive-math-0.1.6.jar" package="primitive-math-0.1.6.jar" skipped="0" tests="1" timestamp="2021-04-17T17:43:54.523056"><testcase classname="dependency-check" name="primitive-math-0.1.6.jar"/></testsuite><testsuite failures="0" id="25" name="/home/runner/.m2/repository/riddley/riddley/0.1.14/riddley-0.1.14.jar" package="riddley-0.1.14.jar" skipped="0" tests="1" timestamp="2021-04-17T17:43:54.523056"><testcase classname="dependency-check" name="riddley-0.1.14.jar"/></testsuite><testsuite failures="0" id="26" name="/home/runner/.m2/repository/org/slf4j/slf4j-api/1.7.30/slf4j-api-1.7.30.jar" package="slf4j-api-1.7.30.jar" skipped="0" tests="1" timestamp="2021-04-17T17:43:54.523056"><testcase classname="dependency-check" name="slf4j-api-1.7.30.jar"/></testsuite><testsuite failures="0" id="27" name="/home/runner/.m2/repository/org/xerial/snappy/snappy-java/1.1.7.7/snappy-java-1.1.7.7.jar" package="snappy-java-1.1.7.7.jar" skipped="0" tests="1" timestamp="2021-04-17T17:43:54.523056"><testcase classname="dependency-check" name="snappy-java-1.1.7.7.jar"/></testsuite><testsuite failures="0" id="28" name="/home/runner/.m2/repository/org/clojure/spec.alpha/0.2.194/spec.alpha-0.2.194.jar" package="spec.alpha-0.2.194.jar" skipped="0" tests="1" timestamp="2021-04-17T17:43:54.523056"><testcase classname="dependency-check" name="spec.alpha-0.2.194.jar"/></testsuite><testsuite failures="0" id="29" name="/home/runner/.m2/repository/io/swagger/swagger-annotations/1.6.2/swagger-annotations-1.6.2.jar" package="swagger-annotations-1.6.2.jar" skipped="0" tests="1" timestamp="2021-04-17T17:43:54.523056"><testcase classname="dependency-check" name="swagger-annotations-1.6.2.jar"/></testsuite><testsuite failures="0" id="30" name="/home/runner/.m2/repository/org/clojure/tools.logging/0.3.1/tools.logging-0.3.1.jar" package="tools.logging-0.3.1.jar" skipped="0" tests="1" timestamp="2021-04-17T17:43:54.523056"><testcase classname="dependency-check" name="tools.logging-0.3.1.jar"/></testsuite><testsuite failures="0" id="31" name="/home/runner/.m2/repository/com/github/luben/zstd-jni/1.4.5-6/zstd-jni-1.4.5-6.jar" package="zstd-jni-1.4.5-6.jar" skipped="0" tests="1" timestamp="2021-04-17T17:43:54.523056"><testcase classname="dependency-check" name="zstd-jni-1.4.5-6.jar"/></testsuite></testsuites>